This is pdfTeX, Version 3.141592653-2.6-1.40.23 (MiKTeX 21.7) (preloaded format=pdflatex 2021.7.27)  31 OCT 2021 14:07
entering extended mode
**./Cpstone3_finalreport.tex
(Cpstone3_finalreport.tex
LaTeX2e <2021-06-01> patch level 1
L3 programming layer <2021-07-12>
(C:\Users\prave\AppData\Local\Programs\MiKTeX\tex/latex/base\article.cls
Document Class: article 2021/02/12 v1.4n Standard LaTeX document class
(C:\Users\prave\AppData\Local\Programs\MiKTeX\tex/latex/base\size10.clo
File: size10.clo 2021/02/12 v1.4n Standard LaTeX file (size option)
)
\c@part=\count182
\c@section=\count183
\c@subsection=\count184
\c@subsubsection=\count185
\c@paragraph=\count186
\c@subparagraph=\count187
\c@figure=\count188
\c@table=\count189
\abovecaptionskip=\skip47
\belowcaptionskip=\skip48
\bibindent=\dimen138
)
(C:\Users\prave\AppData\Local\Programs\MiKTeX\tex/latex/graphics\graphicx.sty
Package: graphicx 2020/12/05 v1.2c Enhanced LaTeX Graphics (DPC,SPQR)

(C:\Users\prave\AppData\Local\Programs\MiKTeX\tex/latex/graphics\keyval.sty
Package: keyval 2014/10/28 v1.15 key=value parser (DPC)
\KV@toks@=\toks16
)
(C:\Users\prave\AppData\Local\Programs\MiKTeX\tex/latex/graphics\graphics.sty
Package: graphics 2021/03/04 v1.4d Standard LaTeX Graphics (DPC,SPQR)

(C:\Users\prave\AppData\Local\Programs\MiKTeX\tex/latex/graphics\trig.sty
Package: trig 2016/01/03 v1.10 sin cos tan (DPC)
)
(C:\Users\prave\AppData\Local\Programs\MiKTeX\tex/latex/graphics-cfg\graphics.c
fg
File: graphics.cfg 2016/06/04 v1.11 sample graphics configuration
)
Package graphics Info: Driver file: pdftex.def on input line 107.

(C:\Users\prave\AppData\Local\Programs\MiKTeX\tex/latex/graphics-def\pdftex.def
File: pdftex.def 2020/10/05 v1.2a Graphics/color driver for pdftex
))
\Gin@req@height=\dimen139
\Gin@req@width=\dimen140
) (C:\Users\prave\AppData\Local\Programs\MiKTeX\tex/latex/float\float.sty
Package: float 2001/11/08 v1.3d Float enhancements (AL)
\c@float@type=\count190
\float@exts=\toks17
\float@box=\box50
\@float@everytoks=\toks18
\@floatcapt=\box51
)
(C:\Users\prave\AppData\Local\Programs\MiKTeX\tex/latex/hyperref\hyperref.sty
Package: hyperref 2021-06-07 v7.00m Hypertext links for LaTeX

(C:\Users\prave\AppData\Local\Programs\MiKTeX\tex/generic/ltxcmds\ltxcmds.sty
Package: ltxcmds 2020-05-10 v1.25 LaTeX kernel commands for general use (HO)
)
(C:\Users\prave\AppData\Local\Programs\MiKTeX\tex/generic/iftex\iftex.sty
Package: iftex 2020/03/06 v1.0d TeX engine tests
)
(C:\Users\prave\AppData\Local\Programs\MiKTeX\tex/generic/pdftexcmds\pdftexcmds
.sty
Package: pdftexcmds 2020-06-27 v0.33 Utility functions of pdfTeX for LuaTeX (HO
)

(C:\Users\prave\AppData\Local\Programs\MiKTeX\tex/generic/infwarerr\infwarerr.s
ty
Package: infwarerr 2019/12/03 v1.5 Providing info/warning/error messages (HO)
)
Package pdftexcmds Info: \pdf@primitive is available.
Package pdftexcmds Info: \pdf@ifprimitive is available.
Package pdftexcmds Info: \pdfdraftmode found.
)
(C:\Users\prave\AppData\Local\Programs\MiKTeX\tex/generic/kvsetkeys\kvsetkeys.s
ty
Package: kvsetkeys 2019/12/15 v1.18 Key value parser (HO)
)
(C:\Users\prave\AppData\Local\Programs\MiKTeX\tex/generic/kvdefinekeys\kvdefine
keys.sty
Package: kvdefinekeys 2019-12-19 v1.6 Define keys (HO)
)
(C:\Users\prave\AppData\Local\Programs\MiKTeX\tex/generic/pdfescape\pdfescape.s
ty
Package: pdfescape 2019/12/09 v1.15 Implements pdfTeX's escape features (HO)
) (C:\Users\prave\AppData\Local\Programs\MiKTeX\tex/latex/hycolor\hycolor.sty
Package: hycolor 2020-01-27 v1.10 Color options for hyperref/bookmark (HO)
)
(C:\Users\prave\AppData\Local\Programs\MiKTeX\tex/latex/letltxmacro\letltxmacro
.sty
Package: letltxmacro 2019/12/03 v1.6 Let assignment for LaTeX macros (HO)
)
(C:\Users\prave\AppData\Local\Programs\MiKTeX\tex/latex/auxhook\auxhook.sty
Package: auxhook 2019-12-17 v1.6 Hooks for auxiliary files (HO)
)
(C:\Users\prave\AppData\Local\Programs\MiKTeX\tex/latex/kvoptions\kvoptions.sty
Package: kvoptions 2020-10-07 v3.14 Key value format for package options (HO)
)
\@linkdim=\dimen141
\Hy@linkcounter=\count191
\Hy@pagecounter=\count192
 (C:\Users\prave\AppData\Local\Programs\MiKTeX\tex/latex/hyperref\pd1enc.def
File: pd1enc.def 2021-06-07 v7.00m Hyperref: PDFDocEncoding definition (HO)
Now handling font encoding PD1 ...
... no UTF-8 mapping file for font encoding PD1
)
(C:\Users\prave\AppData\Local\Programs\MiKTeX\tex/latex/hyperref\hyperref-langp
atches.def
File: hyperref-langpatches.def 2021-06-07 v7.00m Hyperref: patches for babel la
nguages
)
(C:\Users\prave\AppData\Local\Programs\MiKTeX\tex/generic/intcalc\intcalc.sty
Package: intcalc 2019/12/15 v1.3 Expandable calculations with integers (HO)
)
(C:\Users\prave\AppData\Local\Programs\MiKTeX\tex/generic/etexcmds\etexcmds.sty
Package: etexcmds 2019/12/15 v1.7 Avoid name clashes with e-TeX commands (HO)
)
\Hy@SavedSpaceFactor=\count193
 (C:\Users\prave\AppData\Local\Programs\MiKTeX\tex/latex/hyperref\puenc.def
File: puenc.def 2021-06-07 v7.00m Hyperref: PDF Unicode definition (HO)
Now handling font encoding PU ...
... no UTF-8 mapping file for font encoding PU
)
Package hyperref Info: Hyper figures OFF on input line 4192.
Package hyperref Info: Link nesting OFF on input line 4197.
Package hyperref Info: Hyper index ON on input line 4200.
Package hyperref Info: Plain pages OFF on input line 4207.
Package hyperref Info: Backreferencing OFF on input line 4212.
Package hyperref Info: Implicit mode ON; LaTeX internals redefined.
Package hyperref Info: Bookmarks ON on input line 4445.
\c@Hy@tempcnt=\count194

(C:\Users\prave\AppData\Local\Programs\MiKTeX\tex/latex/url\url.sty
\Urlmuskip=\muskip16
Package: url 2013/09/16  ver 3.4  Verb mode for urls, etc.
)
LaTeX Info: Redefining \url on input line 4804.
\XeTeXLinkMargin=\dimen142

(C:\Users\prave\AppData\Local\Programs\MiKTeX\tex/generic/bitset\bitset.sty
Package: bitset 2019/12/09 v1.3 Handle bit-vector datatype (HO)

(C:\Users\prave\AppData\Local\Programs\MiKTeX\tex/generic/bigintcalc\bigintcalc
.sty
Package: bigintcalc 2019/12/15 v1.5 Expandable calculations on big integers (HO
)
))
\Fld@menulength=\count195
\Field@Width=\dimen143
\Fld@charsize=\dimen144
Package hyperref Info: Hyper figures OFF on input line 6076.
Package hyperref Info: Link nesting OFF on input line 6081.
Package hyperref Info: Hyper index ON on input line 6084.
Package hyperref Info: backreferencing OFF on input line 6091.
Package hyperref Info: Link coloring OFF on input line 6096.
Package hyperref Info: Link coloring with OCG OFF on input line 6101.
Package hyperref Info: PDF/A mode OFF on input line 6106.
LaTeX Info: Redefining \ref on input line 6146.
LaTeX Info: Redefining \pageref on input line 6150.

(C:\Users\prave\AppData\Local\Programs\MiKTeX\tex/latex/base\atbegshi-ltx.sty
Package: atbegshi-ltx 2021/01/10 v1.0c Emulation of the original atbegshi
package with kernel methods
)
\Hy@abspage=\count196
\c@Item=\count197
\c@Hfootnote=\count198
)
Package hyperref Info: Driver (autodetected): hpdftex.
(C:\Users\prave\AppData\Local\Programs\MiKTeX\tex/latex/hyperref\hpdftex.def
File: hpdftex.def 2021-06-07 v7.00m Hyperref driver for pdfTeX

(C:\Users\prave\AppData\Local\Programs\MiKTeX\tex/latex/base\atveryend-ltx.sty
Package: atveryend-ltx 2020/08/19 v1.0a Emulation of the original atvery packag
e
with kernel methods
)
\Fld@listcount=\count199
\c@bookmark@seq@number=\count266

(C:\Users\prave\AppData\Local\Programs\MiKTeX\tex/latex/rerunfilecheck\rerunfil
echeck.sty
Package: rerunfilecheck 2019/12/05 v1.9 Rerun checks for auxiliary files (HO)

(C:\Users\prave\AppData\Local\Programs\MiKTeX\tex/generic/uniquecounter\uniquec
ounter.sty
Package: uniquecounter 2019/12/15 v1.4 Provide unlimited unique counter (HO)
)
Package uniquecounter Info: New unique counter `rerunfilecheck' on input line 2
86.
)
\Hy@SectionHShift=\skip49
)
(C:\Users\prave\AppData\Local\Programs\MiKTeX\tex/latex/footmisc\footmisc.sty
Package: footmisc 2011/06/06 v5.5b a miscellany of footnote facilities
\FN@temptoken=\toks19
\footnotemargin=\dimen145
\c@pp@next@reset=\count267
Package footmisc Info: Declaring symbol style bringhurst on input line 855.
Package footmisc Info: Declaring symbol style chicago on input line 863.
Package footmisc Info: Declaring symbol style wiley on input line 872.
Package footmisc Info: Declaring symbol style lamport-robust on input line 883.

Package footmisc Info: Declaring symbol style lamport* on input line 903.
Package footmisc Info: Declaring symbol style lamport*-robust on input line 924
.
)
(C:\Users\prave\AppData\Local\Programs\MiKTeX\tex/latex/l3backend\l3backend-pdf
tex.def
File: l3backend-pdftex.def 2021-07-12 L3 backend support: PDF output (pdfTeX)
\l__color_backend_stack_int=\count268
\l__pdf_internal_box=\box52
) (Cpstone3_finalreport.aux)
\openout1 = `Cpstone3_finalreport.aux'.

LaTeX Font Info:    Checking defaults for OML/cmm/m/it on input line 7.
LaTeX Font Info:    ... okay on input line 7.
LaTeX Font Info:    Checking defaults for OMS/cmsy/m/n on input line 7.
LaTeX Font Info:    ... okay on input line 7.
LaTeX Font Info:    Checking defaults for OT1/cmr/m/n on input line 7.
LaTeX Font Info:    ... okay on input line 7.
LaTeX Font Info:    Checking defaults for T1/cmr/m/n on input line 7.
LaTeX Font Info:    ... okay on input line 7.
LaTeX Font Info:    Checking defaults for TS1/cmr/m/n on input line 7.
LaTeX Font Info:    ... okay on input line 7.
LaTeX Font Info:    Checking defaults for OMX/cmex/m/n on input line 7.
LaTeX Font Info:    ... okay on input line 7.
LaTeX Font Info:    Checking defaults for U/cmr/m/n on input line 7.
LaTeX Font Info:    ... okay on input line 7.
LaTeX Font Info:    Checking defaults for PD1/pdf/m/n on input line 7.
LaTeX Font Info:    ... okay on input line 7.
LaTeX Font Info:    Checking defaults for PU/pdf/m/n on input line 7.
LaTeX Font Info:    ... okay on input line 7.

(C:\Users\prave\AppData\Local\Programs\MiKTeX\tex/context/base/mkii\supp-pdf.mk
ii
[Loading MPS to PDF converter (version 2006.09.02).]
\scratchcounter=\count269
\scratchdimen=\dimen146
\scratchbox=\box53
\nofMPsegments=\count270
\nofMParguments=\count271
\everyMPshowfont=\toks20
\MPscratchCnt=\count272
\MPscratchDim=\dimen147
\MPnumerator=\count273
\makeMPintoPDFobject=\count274
\everyMPtoPDFconversion=\toks21
)
(C:\Users\prave\AppData\Local\Programs\MiKTeX\tex/latex/epstopdf-pkg\epstopdf-b
ase.sty
Package: epstopdf-base 2020-01-24 v2.11 Base part for package epstopdf

(C:\Users\prave\AppData\Local\Programs\MiKTeX\tex/latex/grfext\grfext.sty
Package: grfext 2019/12/03 v1.3 Manage graphics extensions (HO)
)
Package epstopdf-base Info: Redefining graphics rule for `.eps' on input line 4
85.
Package grfext Info: Graphics extension search list:
(grfext)             [.pdf,.png,.jpg,.mps,.jpeg,.jbig2,.jb2,.PDF,.PNG,.JPG,.JPE
G,.JBIG2,.JB2,.eps]
(grfext)             \AppendGraphicsExtensions on input line 504.

(C:\Users\prave\AppData\Local\Programs\MiKTeX\tex/latex/00miktex\epstopdf-sys.c
fg
File: epstopdf-sys.cfg 2021/03/18 v2.0 Configuration of epstopdf for MiKTeX
))
Package hyperref Info: Link coloring OFF on input line 7.

(C:\Users\prave\AppData\Local\Programs\MiKTeX\tex/latex/hyperref\nameref.sty
Package: nameref 2021-04-02 v2.47 Cross-referencing by name of section

(C:\Users\prave\AppData\Local\Programs\MiKTeX\tex/latex/refcount\refcount.sty
Package: refcount 2019/12/15 v3.6 Data extraction from label references (HO)
)
(C:\Users\prave\AppData\Local\Programs\MiKTeX\tex/generic/gettitlestring\gettit
lestring.sty
Package: gettitlestring 2019/12/15 v1.6 Cleanup title references (HO)
)
\c@section@level=\count275
)
LaTeX Info: Redefining \ref on input line 7.
LaTeX Info: Redefining \pageref on input line 7.
LaTeX Info: Redefining \nameref on input line 7.
 (Cpstone3_finalreport.out) (Cpstone3_finalreport.out)
\@outlinefile=\write3
\openout3 = `Cpstone3_finalreport.out'.

LaTeX Font Info:    External font `cmex10' loaded for size
(Font)              <12> on input line 13.
LaTeX Font Info:    External font `cmex10' loaded for size
(Font)              <8> on input line 13.
LaTeX Font Info:    External font `cmex10' loaded for size
(Font)              <6> on input line 13.
<figures/richpaterson_expert.jpg, id=59, 963.6pt x 642.14906pt>
File: figures/richpaterson_expert.jpg Graphic file (type jpg)
<use figures/richpaterson_expert.jpg>
Package pdftex.def Info: figures/richpaterson_expert.jpg  used on input line 33
.
(pdftex.def)             Requested size: 256.17616pt x 170.71652pt.
 [1

{C:/Users/prave/AppData/Local/MiKTeX/pdftex/config/pdftex.map}]
Underfull \hbox (badness 10000) in paragraph at lines 40--41

 []

LaTeX Font Info:    External font `cmex10' loaded for size
(Font)              <7> on input line 45.
LaTeX Font Info:    External font `cmex10' loaded for size
(Font)              <5> on input line 45.
[2 <./figures/richpaterson_expert.jpg>] [3]
<figures/onchillfilt.png, id=86, 788.9475pt x 475.7775pt>
File: figures/onchillfilt.png Graphic file (type png)
<use figures/onchillfilt.png>
Package pdftex.def Info: figures/onchillfilt.png  used on input line 89.
(pdftex.def)             Requested size: 283.08188pt x 170.71652pt.
 [4]
Underfull \hbox (badness 10000) in paragraph at lines 97--105

 []

[5 <./figures/onchillfilt.png>]
<../images/EDA/wc_token_unified.jpg, id=101, 293.898pt x 690.6603pt>
File: ../images/EDA/wc_token_unified.jpg Graphic file (type jpg)
<use ../images/EDA/wc_token_unified.jpg>
Package pdftex.def Info: ../images/EDA/wc_token_unified.jpg  used on input line
 117.
(pdftex.def)             Requested size: 145.28935pt x 341.43306pt.
 [6]
<../images/EDA/topwordsbyregion.jpg, id=108, 1011.78pt x 1011.78pt>
File: ../images/EDA/topwordsbyregion.jpg Graphic file (type jpg)
<use ../images/EDA/topwordsbyregion.jpg>
Package pdftex.def Info: ../images/EDA/topwordsbyregion.jpg  used on input line
 126.
(pdftex.def)             Requested size: 369.891pt x 369.88582pt.

Overfull \hbox (24.891pt too wide) in paragraph at lines 126--127
 [] 
 []

[7 <../images/EDA/wc_token_unified.jpg>] [8 <../images/EDA/topwordsbyregion.jpg
>]
<../images/EDA/CA_word_embed.jpg, id=122, 1760.4972pt x 1725.8076pt>
File: ../images/EDA/CA_word_embed.jpg Graphic file (type jpg)
<use ../images/EDA/CA_word_embed.jpg>
Package pdftex.def Info: ../images/EDA/CA_word_embed.jpg  used on input line 13
8.
(pdftex.def)             Requested size: 406.32957pt x 398.33858pt.

Overfull \hbox (61.32957pt too wide) in paragraph at lines 138--139
 [] 
 []

[9] [10 <../images/EDA/CA_word_embed.jpg>]
<../images/EDA/CA_scotch_hexdistbyregion.jpg, id=138, 846.2817pt x 556.7199pt>
File: ../images/EDA/CA_scotch_hexdistbyregion.jpg Graphic file (type jpg)
<use ../images/EDA/CA_scotch_hexdistbyregion.jpg>
Package pdftex.def Info: ../images/EDA/CA_scotch_hexdistbyregion.jpg  used on i
nput line 149.
(pdftex.def)             Requested size: 346.02216pt x 227.62204pt.

Overfull \hbox (1.02216pt too wide) in paragraph at lines 149--150
 [] 
 []

[11] [12 <../images/EDA/CA_scotch_hexdistbyregion.jpg>]
<../images/Modeling/LDA_coherence.jpg, id=150, 400.6167pt x 283.7802pt>
File: ../images/Modeling/LDA_coherence.jpg Graphic file (type jpg)
<use ../images/Modeling/LDA_coherence.jpg>
Package pdftex.def Info: ../images/Modeling/LDA_coherence.jpg  used on input li
ne 161.
(pdftex.def)             Requested size: 241.01372pt x 170.71652pt.
 [13 <../images/Modeling/LDA_coherence.jpg>]
<../images/Modeling/PyLDAvis_topmodel.png, id=159, 896.97609pt x 480.29437pt>
File: ../images/Modeling/PyLDAvis_topmodel.png Graphic file (type png)
<use ../images/Modeling/PyLDAvis_topmodel.png>
Package pdftex.def Info: ../images/Modeling/PyLDAvis_topmodel.png  used on inpu
t line 170.
(pdftex.def)             Requested size: 318.8188pt x 170.71652pt.
 [14 <../images/Modeling/PyLDAvis_topmodel.png>]
<../images/Modeling/scotch_topic_breakdown.jpg, id=173, 520.8258pt x 564.9105pt
>
File: ../images/Modeling/scotch_topic_breakdown.jpg Graphic file (type jpg)
<use ../images/Modeling/scotch_topic_breakdown.jpg>
Package pdftex.def Info: ../images/Modeling/scotch_topic_breakdown.jpg  used on
 input line 187.
(pdftex.def)             Requested size: 236.08603pt x 256.0748pt.
 [15 <../images/Modeling/scotch_topic_breakdown.jpg>]
Overfull \hbox (5.1396pt too wide) in paragraph at lines 196--198
\OT1/cmr/m/n/10 'liquorice', 'big', 'dose', 'salt', 'whisky', 'slightly', 'swee
t', 're-cent', 'year', 'beauty',
 []


Overfull \hbox (17.5008pt too wide) in paragraph at lines 199--202
\OT1/cmr/m/n/10 'fen-nel', 'metal-lic', 'medic-i-nal', 'pep-per', 'spice', 'waf
ts', 'wood', 'to-bacco', 'crumbly',
 []


Overfull \hbox (6.89897pt too wide) in paragraph at lines 203--211
[]\OT1/cmr/bx/n/10 2. Aber-lour A'bunadh\OT1/cmr/m/n/10 : 'gin-ger-bread', 'or-
ange[]zest', 'black[]pepper', 'thick',
 []


Overfull \hbox (0.65634pt too wide) in paragraph at lines 203--211
\OT1/cmr/m/n/10 ange[]peel', 'fresh', 'lime', 'grape-fruit', 'sup-port', 'ap-pl
e', 'golden', 'bar-ley', 'core',
 []

[16] [17] [18] (Cpstone3_finalreport.aux)
Package rerunfilecheck Info: File `Cpstone3_finalreport.out' has not changed.
(rerunfilecheck)             Checksum: AFFDF0451D11A01F85205272C1B293A6;2600.
 ) 
Here is how much of TeX's memory you used:
 8201 strings out of 478870
 126366 string characters out of 2848836
 431305 words of memory out of 3000000
 25940 multiletter control sequences out of 15000+600000
 408031 words of font info for 42 fonts, out of 8000000 for 9000
 1141 hyphenation exceptions out of 8191
 60i,8n,66p,1303b,347s stack positions out of 5000i,500n,10000p,200000b,80000s
<C:/Users/prave/AppData/Local/Programs/MiKTeX/fonts/type1/public/amsfonts/cm/
cmbx10.pfb><C:/Users/prave/AppData/Local/Programs/MiKTeX/fonts/type1/public/ams
fonts/cm/cmbx12.pfb><C:/Users/prave/AppData/Local/Programs/MiKTeX/fonts/type1/p
ublic/amsfonts/cm/cmmi10.pfb><C:/Users/prave/AppData/Local/Programs/MiKTeX/font
s/type1/public/amsfonts/cm/cmr10.pfb><C:/Users/prave/AppData/Local/Programs/MiK
TeX/fonts/type1/public/amsfonts/cm/cmr12.pfb><C:/Users/prave/AppData/Local/Prog
rams/MiKTeX/fonts/type1/public/amsfonts/cm/cmr17.pfb><C:/Users/prave/AppData/Lo
cal/Programs/MiKTeX/fonts/type1/public/amsfonts/cm/cmsy10.pfb><C:/Users/prave/A
ppData/Local/Programs/MiKTeX/fonts/type1/public/amsfonts/cm/cmti10.pfb>
Output written on Cpstone3_finalreport.pdf (18 pages, 8413316 bytes).
PDF statistics:
 251 PDF objects out of 1000 (max. 8388607)
 78 named destinations out of 1000 (max. 500000)
 158 words of extra memory for PDF output out of 10000 (max. 10000000)

